<?xml version="1.0" encoding="UTF-8"?>
<!-- Generated by org.testng.reporters.JUnitReportReporter -->
<testsuite skipped="0" hostname="DESKTOP-P57AQ83" name="Annotations.AnnotationsinTestNG2" tests="1" failures="0" timestamp="2021-06-24T08:59:15 IST" time="0.004" errors="0">
  <testcase name="case3" time="0.004" classname="Annotations.AnnotationsinTestNG2"/>
  <system-out>
    <![CDATA[Test case 3]]>
  </system-out>
</testsuite> <!-- Annotations.AnnotationsinTestNG2 -->
