<?xml version="1.0" encoding="UTF-8"?>
<!-- Generated by org.testng.reporters.JUnitReportReporter -->
<testsuite skipped="0" hostname="DESKTOP-P57AQ83" name="Annotations.TestNG1" tests="2" failures="0" timestamp="2021-06-26T23:37:33 IST" time="0.020" errors="0">
  <testcase name="Testmethod1" time="0.014" classname="Annotations.TestNG1"/>
  <system-out/>
  <testcase name="Testmethod2" time="0.006" classname="Annotations.TestNG1"/>
  <system-out/>
</testsuite> <!-- Annotations.TestNG1 -->
