<?xml version="1.0" encoding="UTF-8"?>
<!-- Generated by org.testng.reporters.JUnitReportReporter -->
<testsuite skipped="1" hostname="DESKTOP-P57AQ83" name="Annotations.Annotation1" tests="5" failures="0" timestamp="2021-06-26T23:53:48 IST" time="0.020" errors="0">
  <testcase name="testcase6" time="0.016" classname="Annotations.Annotation1"/>
  <system-out>
    <![CDATA[TC6 From test2]]>
  </system-out>
  <testcase name="extramethod" time="0.002" classname="Annotations.Annotation1"/>
  <system-out>
    <![CDATA[Extra Method as a Test Case]]>
  </system-out>
  <testcase name="testcase2" time="0.001" classname="Annotations.Annotation1"/>
  <system-out>
    <![CDATA[TC2]]>
  </system-out>
  <testcase name="testcase3" time="0.001" classname="Annotations.Annotation1"/>
  <system-out>
    <![CDATA[TC3 from test 3]]>
  </system-out>
  <testcase name="testcase5" classname="Annotations.Annotation1">
    <skipped/>
  </testcase> <!-- testcase5 -->
  <system-out/>
</testsuite> <!-- Annotations.Annotation1 -->
