<?xml version="1.0" encoding="UTF-8"?>
<!-- Generated by org.testng.reporters.JUnitReportReporter -->
<testsuite skipped="0" hostname="DESKTOP-P57AQ83" name="Annotations.Groping_Of_TestCases" tests="1" failures="0" timestamp="2021-06-27T17:11:42 IST" time="0.015" errors="0">
  <testcase name="testcase2" time="0.015" classname="Annotations.Groping_Of_TestCases"/>
  <system-out>
    <![CDATA[TC1 from Test2]]>
  </system-out>
</testsuite> <!-- Annotations.Groping_Of_TestCases -->
