<?xml version="1.0" encoding="UTF-8"?>
<!-- Generated by org.testng.reporters.JUnitReportReporter -->
<testsuite skipped="0" hostname="DESKTOP-P57AQ83" name="Annotations.Annotation_in_TestNG" tests="2" failures="0" timestamp="2021-06-24T08:59:15 IST" time="0.013" errors="0">
  <testcase name="case2" time="0.005" classname="Annotations.Annotation_in_TestNG"/>
  <system-out/>
  <testcase name="case1" time="0.008" classname="Annotations.Annotation_in_TestNG"/>
  <system-out/>
</testsuite> <!-- Annotations.Annotation_in_TestNG -->
