<?xml version="1.0" encoding="UTF-8"?>
<!-- Generated by org.testng.reporters.JUnitReportReporter -->
<testsuite skipped="0" hostname="DESKTOP-P57AQ83" name="JavaStream.Sample" tests="1" failures="0" timestamp="2022-02-26T13:25:23 IST" time="0.014" errors="0">
  <testcase name="satup" time="0.014" classname="JavaStream.Sample"/>
  <system-out/>
</testsuite> <!-- JavaStream.Sample -->
