<?xml version="1.0" encoding="UTF-8"?>
<!-- Generated by org.testng.reporters.JUnitReportReporter -->
<testsuite skipped="0" hostname="DESKTOP-P57AQ83" name="JavaStream.IntValues" tests="1" failures="0" timestamp="2022-01-29T22:22:27 IST" time="0.050" errors="0">
  <testcase name="SortingArray" time="0.050" classname="JavaStream.IntValues"/>
  <system-out/>
</testsuite> <!-- JavaStream.IntValues -->
