<?xml version="1.0" encoding="UTF-8"?>
<!-- Generated by org.testng.reporters.JUnitReportReporter -->
<testsuite skipped="0" hostname="DESKTOP-P57AQ83" name="JavaStream.Streams" tests="1" failures="0" timestamp="2022-01-29T20:32:36 IST" time="0.022" errors="0">
  <testcase name="streamfilter" time="0.022" classname="JavaStream.Streams"/>
  <system-out/>
</testsuite> <!-- JavaStream.Streams -->
