<?xml version="1.0" encoding="UTF-8"?>
<!-- Generated by org.testng.reporters.JUnitReportReporter -->
<testsuite skipped="0" hostname="DESKTOP-P57AQ83" name="packageobjectmodelkite.pgm_2" tests="3" failures="0" timestamp="2021-07-11T15:00:10 IST" time="0.016" errors="0">
  <testcase name="assertfalse" time="0.013" classname="packageobjectmodelkite.pgm_2"/>
  <system-out/>
  <testcase name="assertTrue" time="0.001" classname="packageobjectmodelkite.pgm_2"/>
  <system-out/>
  <testcase name="assertequal" time="0.002" classname="packageobjectmodelkite.pgm_2"/>
  <system-out/>
</testsuite> <!-- packageobjectmodelkite.pgm_2 -->
