<?xml version="1.0" encoding="UTF-8"?>
<!-- Generated by org.testng.reporters.JUnitReportReporter -->
<testsuite skipped="0" hostname="DESKTOP-P57AQ83" name="TestNG.demo1" tests="3" failures="0" timestamp="2020-10-17T20:39:56 IST" time="0.016" errors="0">
  <testcase name="tc5" time="0.002" classname="TestNG.demo1"/>
  <system-out/>
  <testcase name="tc4" time="0.011" classname="TestNG.demo1"/>
  <system-out/>
  <testcase name="tc6" time="0.003" classname="TestNG.demo1"/>
  <system-out/>
</testsuite> <!-- TestNG.demo1 -->
