<?xml version="1.0" encoding="UTF-8"?>
<!-- Generated by org.testng.reporters.JUnitReportReporter -->
<testsuite skipped="0" hostname="DESKTOP-P57AQ83" name="packageobjectmodelkite.Signuppageforkite" tests="2" failures="0" timestamp="2022-04-07T15:32:44 IST" time="0.014" errors="0">
  <testcase name="loginpage" time="0.012" classname="packageobjectmodelkite.Signuppageforkite"/>
  <system-out>
    <![CDATA[login page]]>
  </system-out>
  <testcase name="logoutpage" time="0.002" classname="packageobjectmodelkite.Signuppageforkite"/>
  <system-out/>
</testsuite> <!-- packageobjectmodelkite.Signuppageforkite -->
