<?xml version="1.0" encoding="UTF-8"?>
<!-- Generated by org.testng.reporters.JUnitReportReporter -->
<testsuite skipped="0" hostname="DESKTOP-P57AQ83" name="TestNG.demo" tests="3" failures="0" timestamp="2020-10-17T20:39:31 IST" time="0.021" errors="0">
  <testcase name="tc2" time="0.006" classname="TestNG.demo"/>
  <system-out/>
  <testcase name="tc3" time="0.003" classname="TestNG.demo"/>
  <system-out/>
  <testcase name="tc1" time="0.012" classname="TestNG.demo"/>
  <system-out/>
</testsuite> <!-- TestNG.demo -->
