<?xml version="1.0" encoding="UTF-8"?>
<!-- Generated by org.testng.reporters.JUnitReportReporter -->
<testsuite skipped="0" hostname="DESKTOP-P57AQ83" name="pageobjectmodel.KiteloginTest1" tests="1" failures="0" timestamp="2020-09-01T14:51:05 IST" time="10.763" errors="0">
  <testcase name="verifyprofilenameinkite" time="10.763" classname="pageobjectmodel.KiteloginTest1"/>
  <system-out/>
</testsuite> <!-- pageobjectmodel.KiteloginTest1 -->
