<?xml version="1.0" encoding="UTF-8"?>
<!-- Generated by org.testng.reporters.JUnitReportReporter -->
<testsuite skipped="0" hostname="DESKTOP-P57AQ83" name="packageobjectmodelkite.pgm_3" tests="1" failures="0" timestamp="2021-07-11T15:14:26 IST" time="0.020" errors="0">
  <testcase name="sample" time="0.020" classname="packageobjectmodelkite.pgm_3"/>
  <system-out>
    <![CDATA[hello
hii]]>
  </system-out>
</testsuite> <!-- packageobjectmodelkite.pgm_3 -->
