<?xml version="1.0" encoding="UTF-8"?>
<!-- Generated by org.testng.reporters.JUnitReportReporter -->
<testsuite skipped="0" hostname="DESKTOP-P57AQ83" name="packageobjectmodelkite.pgm_1" tests="3" failures="0" timestamp="2021-07-11T15:10:04 IST" time="0.019" errors="0">
  <testcase name="assertTrue" time="0.013" classname="packageobjectmodelkite.pgm_1"/>
  <system-out/>
  <testcase name="assertfalse" time="0.002" classname="packageobjectmodelkite.pgm_1"/>
  <system-out/>
  <testcase name="assertequals" time="0.004" classname="packageobjectmodelkite.pgm_1"/>
  <system-out/>
</testsuite> <!-- packageobjectmodelkite.pgm_1 -->
