<?xml version="1.0" encoding="UTF-8"?>
<!-- Generated by org.testng.reporters.JUnitReportReporter -->
<testsuite skipped="0" hostname="DESKTOP-P57AQ83" name="Framework.LogintestCRM" tests="1" failures="0" timestamp="2021-07-11T14:04:11 IST" time="10.973" errors="0">
  <testcase name="loginApp" time="10.973" classname="Framework.LogintestCRM"/>
  <system-out/>
</testsuite> <!-- Framework.LogintestCRM -->
