<?xml version="1.0" encoding="UTF-8"?>
<!-- Generated by org.testng.reporters.JUnitReportReporter -->
<testsuite skipped="0" hostname="DESKTOP-P57AQ83" name="TestNG1.s_3" tests="3" failures="0" timestamp="2021-07-11T15:44:33 IST" time="0.020" errors="0">
  <testcase name="testcase8" time="0.011" classname="TestNG1.s_3"/>
  <system-out/>
  <testcase name="testcase10" time="0.005" classname="TestNG1.s_3"/>
  <system-out/>
  <testcase name="testcase9" time="0.004" classname="TestNG1.s_3"/>
  <system-out/>
</testsuite> <!-- TestNG1.s_3 -->
