<?xml version="1.0" encoding="UTF-8"?>
<!-- Generated by org.testng.reporters.JUnitReportReporter -->
<testsuite skipped="0" hostname="DESKTOP-P57AQ83" name="TestNG1.s_2" tests="3" failures="0" timestamp="2021-07-11T15:44:33 IST" time="0.007" errors="0">
  <testcase name="testcase5" time="0.003" classname="TestNG1.s_2"/>
  <system-out/>
  <testcase name="testcase6" time="0.002" classname="TestNG1.s_2"/>
  <system-out/>
  <testcase name="testcase7" time="0.002" classname="TestNG1.s_2"/>
  <system-out/>
</testsuite> <!-- TestNG1.s_2 -->
