<?xml version="1.0" encoding="UTF-8"?>
<!-- Generated by org.testng.reporters.JUnitReportReporter -->
<testsuite skipped="0" hostname="DESKTOP-P57AQ83" name="Framework2.KiteloginTest1" tests="1" failures="0" timestamp="2020-09-03T08:47:13 IST" time="16.371" errors="0">
  <testcase name="verifyprofilenameinkite" time="16.371" classname="Framework2.KiteloginTest1"/>
  <system-out>
varifyprofilenameinkite  </system-out>
</testsuite> <!-- Framework2.KiteloginTest1 -->
