<?xml version="1.0" encoding="UTF-8"?>
<!-- Generated by org.testng.reporters.JUnitReportReporter -->
<testsuite skipped="0" hostname="DESKTOP-P57AQ83" name="TestNG1.s_1" tests="4" failures="0" timestamp="2021-07-11T15:44:33 IST" time="0.027" errors="0">
  <testcase name="testcase4" time="0.005" classname="TestNG1.s_1"/>
  <system-out/>
  <testcase name="testcase2" time="0.002" classname="TestNG1.s_1"/>
  <system-out/>
  <testcase name="testcase1" time="0.014" classname="TestNG1.s_1"/>
  <system-out/>
  <testcase name="testcase3" time="0.006" classname="TestNG1.s_1"/>
  <system-out/>
</testsuite> <!-- TestNG1.s_1 -->
