<?xml version="1.0" encoding="UTF-8"?>
<!-- Generated by org.testng.reporters.JUnitReportReporter -->
<testsuite skipped="0" hostname="DESKTOP-P57AQ83" name="TestNG.demo2" tests="4" failures="0" timestamp="2020-10-17T20:41:32 IST" time="0.017" errors="0">
  <testcase name="tc7" time="0.010" classname="TestNG.demo2"/>
  <system-out/>
  <testcase name="tc9" time="0.002" classname="TestNG.demo2"/>
  <system-out/>
  <testcase name="tc8" time="0.003" classname="TestNG.demo2"/>
  <system-out/>
  <testcase name="tc10" time="0.002" classname="TestNG.demo2"/>
  <system-out/>
</testsuite> <!-- TestNG.demo2 -->
