<?xml version="1.0" encoding="UTF-8"?>
<!-- Generated by org.testng.reporters.JUnitReportReporter -->
<testsuite skipped="0" hostname="DESKTOP-P57AQ83" name="TestNG1" tests="4" failures="0" timestamp="2021-07-11T15:47:33 IST" time="3.023" errors="0">
  <testcase name="Test3" time="0.002" classname="TestNG1"/>
  <system-out/>
  <testcase name="Test2" time="3.016" classname="TestNG1"/>
  <system-out/>
  <testcase name="test1" time="0.003" classname="TestNG1"/>
  <system-out/>
  <testcase name="loginin" time="0.002" classname="TestNG1"/>
  <system-out/>
</testsuite> <!-- TestNG1 -->
