<?xml version="1.0" encoding="UTF-8"?>
<!-- Generated by org.testng.reporters.JUnitReportReporter -->
<testsuite skipped="1" hostname="DESKTOP-P57AQ83" name="TestNG" tests="8" failures="0" timestamp="2021-07-11T15:46:30 IST" time="0.035" errors="0">
  <testcase name="testinvocation" time="0.003" classname="TestNG"/>
  <system-out/>
  <testcase name="testinvocation" time="0.010" classname="TestNG"/>
  <system-out/>
  <testcase name="first" time="0.008" classname="TestNG"/>
  <system-out/>
  <testcase name="testinvocation" time="0.004" classname="TestNG"/>
  <system-out/>
  <testcase name="test5" time="0.005" classname="TestNG"/>
  <system-out/>
  <testcase name="test2" time="0.003" classname="TestNG"/>
  <system-out/>
  <testcase name="test1" time="0.002" classname="TestNG"/>
  <system-out/>
  <testcase name="test4" classname="TestNG">
    <skipped/>
  </testcase> <!-- test4 -->
  <system-out/>
</testsuite> <!-- TestNG -->
