<?xml version="1.0" encoding="UTF-8"?>
<!-- Generated by org.testng.reporters.JUnitReportReporter -->
<testsuite skipped="0" hostname="DESKTOP-P57AQ83" name="learnautomation.Utility.LoginTestCRM" tests="1" failures="0" timestamp="2020-08-31T16:40:47 IST" time="8.721" errors="0">
  <testcase name="loginApp" time="8.721" classname="learnautomation.Utility.LoginTestCRM"/>
  <system-out/>
</testsuite> <!-- learnautomation.Utility.LoginTestCRM -->
