<?xml version="1.0" encoding="UTF-8"?>
<!-- Generated by org.testng.reporters.JUnitReportReporter -->
<testsuite skipped="0" hostname="DESKTOP-P57AQ83" name="learnautomation.Utility.LoginTextCRM" tests="1" failures="0" timestamp="2020-09-01T11:24:57 IST" time="0.036" errors="0">
  <testcase name="loginApp" time="0.036" classname="learnautomation.Utility.LoginTextCRM"/>
  <system-out/>
</testsuite> <!-- learnautomation.Utility.LoginTextCRM -->
