<?xml version="1.0" encoding="UTF-8"?>
<!-- Generated by org.testng.reporters.JUnitReportReporter -->
<testsuite skipped="0" hostname="DESKTOP-P57AQ83" name="Test.Day3" tests="3" failures="0" timestamp="2022-03-04T23:13:18 IST" time="0.014" errors="0">
  <testcase name="webAPILogin" time="0.005" classname="Test.Day3"/>
  <system-out/>
  <testcase name="mobilelogin" time="0.002" classname="Test.Day3"/>
  <system-out/>
  <testcase name="weblogin" time="0.007" classname="Test.Day3"/>
  <system-out/>
</testsuite> <!-- Test.Day3 -->
