<?xml version="1.0" encoding="UTF-8"?>
<!-- Generated by org.testng.reporters.JUnitReportReporter -->
<testsuite skipped="0" hostname="DESKTOP-P57AQ83" name="Test.Day2" tests="2" failures="0" timestamp="2022-03-05T14:45:46 IST" time="0.011" errors="0">
  <testcase name="Thirdtest" time="0.009" classname="Test.Day2"/>
  <system-out/>
  <testcase name="fourthtest" time="0.002" classname="Test.Day2"/>
  <system-out/>
</testsuite> <!-- Test.Day2 -->
